Error scraping Clarín (https://www.clarin.com/): Error: Dynamic server usage: Route / couldn't be rendered statically because it used revalidate: 0 fetch https://www.clarin.com/ /. See more info here: https://nextjs.org/docs/messages/dynamic-server-error
Error scraping La Nación (https://www.lanacion.com.ar/): Error: Dynamic server usage: Route / couldn't be rendered statically because it used no-store fetch https://www.lanacion.com.ar/ /. See more info here: https://nextjs.org/docs/messages/dynamic-server-error
Error scraping Infobae (https://www.infobae.com/): Error: Dynamic server usage: Route / couldn't be rendered statically because it used no-store fetch https://www.infobae.com/ /. See more info here: https://nextjs.org/docs/messages/dynamic-server-error
Error scraping Clarín (https://www.clarin.com/politica/): Error: Dynamic server usage: Route / couldn't be rendered statically because it used no-store fetch https://www.clarin.com/politica/ /. See more info here: https://nextjs.org/docs/messages/dynamic-server-error
Error scraping La Nación (https://www.lanacion.com.ar/politica/): Error: Dynamic server usage: Route / couldn't be rendered statically because it used no-store fetch https://www.lanacion.com.ar/politica/ /. See more info here: https://nextjs.org/docs/messages/dynamic-server-error
Error scraping Infobae (https://www.infobae.com/politica/): Error: Dynamic server usage: Route / couldn't be rendered statically because it used no-store fetch https://www.infobae.com/politica/ /. See more info here: https://nextjs.org/docs/messages/dynamic-server-error
Error scraping Clarín (https://www.clarin.com/economia/): Error: Dynamic server usage: Route / couldn't be rendered statically because it used no-store fetch https://www.clarin.com/economia/ /. See more info here: https://nextjs.org/docs/messages/dynamic-server-error
Error scraping La Nación (https://www.lanacion.com.ar/economia/): Error: Dynamic server usage: Route / couldn't be rendered statically because it used no-store fetch https://www.lanacion.com.ar/economia/ /. See more info here: https://nextjs.org/docs/messages/dynamic-server-error
Error scraping Infobae (https://www.infobae.com/economia/): Error: Dynamic server usage: Route / couldn't be rendered statically because it used no-store fetch https://www.infobae.com/economia/ /. See more info here: https://nextjs.org/docs/messages/dynamic-server-error
Error scraping Clarín (https://www.clarin.com/deportes/): Error: Dynamic server usage: Route / couldn't be rendered statically because it used no-store fetch https://www.clarin.com/deportes/ /. See more info here: https://nextjs.org/docs/messages/dynamic-server-error
Error scraping La Nación (https://www.lanacion.com.ar/deportes/): Error: Dynamic server usage: Route / couldn't be rendered statically because it used no-store fetch https://www.lanacion.com.ar/deportes/ /. See more info here: https://nextjs.org/docs/messages/dynamic-server-error
Error scraping Infobae (https://www.infobae.com/deportes/): Error: Dynamic server usage: Route / couldn't be rendered statically because it used no-store fetch https://www.infobae.com/deportes/ /. See more info here: https://nextjs.org/docs/messages/dynamic-server-error
Error scraping Clarín (https://www.clarin.com/): Error: Dynamic server usage: Route / couldn't be rendered statically because it used revalidate: 0 fetch https://www.clarin.com/ /. See more info here: https://nextjs.org/docs/messages/dynamic-server-error
Error scraping La Nación (https://www.lanacion.com.ar/): Error: Dynamic server usage: Route / couldn't be rendered statically because it used no-store fetch https://www.lanacion.com.ar/ /. See more info here: https://nextjs.org/docs/messages/dynamic-server-error
Error scraping Infobae (https://www.infobae.com/): Error: Dynamic server usage: Route / couldn't be rendered statically because it used no-store fetch https://www.infobae.com/ /. See more info here: https://nextjs.org/docs/messages/dynamic-server-error
Error scraping Clarín (https://www.clarin.com/politica/): Error: Dynamic server usage: Route / couldn't be rendered statically because it used no-store fetch https://www.clarin.com/politica/ /. See more info here: https://nextjs.org/docs/messages/dynamic-server-error
Error scraping La Nación (https://www.lanacion.com.ar/politica/): Error: Dynamic server usage: Route / couldn't be rendered statically because it used no-store fetch https://www.lanacion.com.ar/politica/ /. See more info here: https://nextjs.org/docs/messages/dynamic-server-error
Error scraping Infobae (https://www.infobae.com/politica/): Error: Dynamic server usage: Route / couldn't be rendered statically because it used no-store fetch https://www.infobae.com/politica/ /. See more info here: https://nextjs.org/docs/messages/dynamic-server-error
Error scraping Clarín (https://www.clarin.com/economia/): Error: Dynamic server usage: Route / couldn't be rendered statically because it used no-store fetch https://www.clarin.com/economia/ /. See more info here: https://nextjs.org/docs/messages/dynamic-server-error
Error scraping La Nación (https://www.lanacion.com.ar/economia/): Error: Dynamic server usage: Route / couldn't be rendered statically because it used no-store fetch https://www.lanacion.com.ar/economia/ /. See more info here: https://nextjs.org/docs/messages/dynamic-server-error
Error scraping Infobae (https://www.infobae.com/economia/): Error: Dynamic server usage: Route / couldn't be rendered statically because it used no-store fetch https://www.infobae.com/economia/ /. See more info here: https://nextjs.org/docs/messages/dynamic-server-error
Error scraping Clarín (https://www.clarin.com/deportes/): Error: Dynamic server usage: Route / couldn't be rendered statically because it used no-store fetch https://www.clarin.com/deportes/ /. See more info here: https://nextjs.org/docs/messages/dynamic-server-error
Error scraping La Nación (https://www.lanacion.com.ar/deportes/): Error: Dynamic server usage: Route / couldn't be rendered statically because it used no-store fetch https://www.lanacion.com.ar/deportes/ /. See more info here: https://nextjs.org/docs/messages/dynamic-server-error
Error scraping Infobae (https://www.infobae.com/deportes/): Error: Dynamic server usage: Route / couldn't be rendered statically because it used no-store fetch https://www.infobae.com/deportes/ /. See more info here: https://nextjs.org/docs/messages/dynamic-server-error
